<?xml version="1.0" encoding="UTF-8"?>
<!-- Generated by org.testng.reporters.JUnitReportReporter -->
<testsuite hostname="SATISHPPC1979JR" failures="0" tests="1" name="tests.GoogleSearchObjectsTestNG1" time="9.539" errors="0" timestamp="2020-04-12T16:04:44 IST" skipped="0">
  <testcase classname="tests.GoogleSearchObjectsTestNG1" name="googleSearchTest1" time="9.539"/>
  <system-out/>
</testsuite> <!-- tests.GoogleSearchObjectsTestNG1 -->
