<?xml version="1.0" encoding="UTF-8"?>
<!-- Generated by org.testng.reporters.JUnitReportReporter -->
<testsuite hostname="SATISHPPC1979JR" failures="0" tests="1" name="tests.GoogleSearchObjectsTestNG" time="7.374" errors="0" timestamp="2020-04-15T00:23:54 IST" skipped="0">
  <testcase classname="tests.GoogleSearchObjectsTestNG" name="googleSearchTest" time="7.374"/>
  <system-out/>
</testsuite> <!-- tests.GoogleSearchObjectsTestNG -->
