<?xml version="1.0" encoding="UTF-8"?>
<!-- Generated by org.testng.reporters.JUnitReportReporter -->
<testsuite hostname="SATISHPPC1979JR" failures="0" tests="1" name="tests.GoogleSearchObjectsTestNG3" time="9.561" errors="0" timestamp="2020-04-12T16:04:44 IST" skipped="0">
  <testcase classname="tests.GoogleSearchObjectsTestNG3" name="googleSearchTest4" time="9.561"/>
  <system-out/>
</testsuite> <!-- tests.GoogleSearchObjectsTestNG3 -->
