<?xml version="1.0" encoding="UTF-8"?>
<!-- Generated by org.testng.reporters.JUnitReportReporter -->
<testsuite hostname="SATISHPPC1979JR" failures="0" tests="2" name="tests.GoogleSearchObjectsTestNG2" time="8.785" errors="0" timestamp="2020-04-12T16:04:44 IST" skipped="0">
  <testcase classname="tests.GoogleSearchObjectsTestNG2" name="googleSearchTest2" time="7.078"/>
  <system-out/>
  <testcase classname="tests.GoogleSearchObjectsTestNG2" name="googleSearchTest3" time="1.707"/>
  <system-out/>
</testsuite> <!-- tests.GoogleSearchObjectsTestNG2 -->
